1531135820470	geckodriver	INFO	geckodriver 0.20.1
1531135820524	geckodriver	INFO	Listening on 127.0.0.1:58391
1531135821444	mozrunner::runner	INFO	Running command: "/usr/bin/firefox" "-marionette" "-profile" "/tmp/rust_mozprofile.vCdzO2ZZ9nQv"
1531135829925	Marionette	INFO	Listening on port 34115
1531135830059	Marionette	WARN	TLS certificate errors will be ignored for this session
1531135864990	geckodriver	INFO	geckodriver 0.20.1
1531135864998	geckodriver	INFO	Listening on 127.0.0.1:35957
1531135866008	mozrunner::runner	INFO	Running command: "/usr/bin/firefox" "-marionette" "-profile" "/tmp/rust_mozprofile.w3CymSMEfEZy"
1531135872089	Marionette	INFO	Listening on port 35558
1531135872143	Marionette	WARN	TLS certificate errors will be ignored for this session
*** UTM:SVC TimerManager:registerTimer called after profile-before-change notification. Ignoring timer registration for id: telemetry_modules_ping
1531135891168	geckodriver	INFO	geckodriver 0.20.1
1531135891181	geckodriver	INFO	Listening on 127.0.0.1:53650
1531135892188	mozrunner::runner	INFO	Running command: "/usr/bin/firefox" "-marionette" "-profile" "/tmp/rust_mozprofile.3a5mHFmHms2W"
1531135896708	Marionette	INFO	Listening on port 38340
1531135896811	Marionette	WARN	TLS certificate errors will be ignored for this session
1531135998373	geckodriver	INFO	geckodriver 0.20.1
1531135998393	geckodriver	INFO	Listening on 127.0.0.1:34291
1531135999390	mozrunner::runner	INFO	Running command: "/usr/bin/firefox" "-marionette" "-profile" "/tmp/rust_mozprofile.b6s3gjOInx3J"
1531136003950	Marionette	INFO	Listening on port 34845
1531136004030	Marionette	WARN	TLS certificate errors will be ignored for this session
1531136203573	geckodriver	INFO	geckodriver 0.20.1
1531136203590	geckodriver	INFO	Listening on 127.0.0.1:40121
1531136204593	mozrunner::runner	INFO	Running command: "/usr/bin/firefox" "-marionette" "-profile" "/tmp/rust_mozprofile.5UaEZkkYBs4Y"
1531136209320	Marionette	INFO	Listening on port 46704
1531136209413	Marionette	WARN	TLS certificate errors will be ignored for this session
1531136211923	addons.xpi	WARN	Exception running bootstrap method shutdown on activity-stream@mozilla.org: [Exception... "Component returned failure code: 0x80004005 (NS_ERROR_FAILURE) [nsIObserverService.removeObserver]"  nsresult: "0x80004005 (NS_ERROR_FAILURE)"  location: "JS frame :: resource://activity-stream/lib/SnippetsFeed.jsm :: uninit :: line 185"  data: no] Stack trace: uninit()@resource://activity-stream/lib/SnippetsFeed.jsm:185
onAction()@resource://activity-stream/lib/SnippetsFeed.jsm:201
_middleware/</<()@resource://activity-stream/lib/Store.jsm:49
Store/this[method]()@resource://activity-stream/lib/Store.jsm:28
uninit()@resource://activity-stream/lib/Store.jsm:151
uninit()@resource://activity-stream/lib/ActivityStream.jsm:300
uninit()@resource://gre/modules/addons/XPIProvider.jsm -> jar:file:///usr/lib/firefox/browser/features/activity-stream@mozilla.org.xpi!/bootstrap.js:73
shutdown()@resource://gre/modules/addons/XPIProvider.jsm -> jar:file:///usr/lib/firefox/browser/features/activity-stream@mozilla.org.xpi!/bootstrap.js:169
callBootstrapMethod()@resource://gre/modules/addons/XPIProvider.jsm:4436
observe()@resource://gre/modules/addons/XPIProvider.jsm:2287
*** UTM:SVC TimerManager:registerTimer called after profile-before-change notification. Ignoring timer registration for id: telemetry_modules_ping
1531136270488	geckodriver	INFO	geckodriver 0.20.1
1531136270496	geckodriver	INFO	Listening on 127.0.0.1:48665
1531136271508	mozrunner::runner	INFO	Running command: "/usr/bin/firefox" "-marionette" "-profile" "/tmp/rust_mozprofile.wSu8gvnzp1H9"
1531136276640	Marionette	INFO	Listening on port 37777
1531136276732	Marionette	WARN	TLS certificate errors will be ignored for this session
1531136335628	geckodriver	INFO	geckodriver 0.20.1
1531136335652	geckodriver	INFO	Listening on 127.0.0.1:38557
1531136336644	mozrunner::runner	INFO	Running command: "/usr/bin/firefox" "-marionette" "-profile" "/tmp/rust_mozprofile.zhnIxrF6hN6C"
1531136341324	Marionette	INFO	Listening on port 37806
1531136341370	Marionette	WARN	TLS certificate errors will be ignored for this session
1531136352819	geckodriver	INFO	geckodriver 0.20.1
1531136352848	geckodriver	INFO	Listening on 127.0.0.1:37684
1531136353838	mozrunner::runner	INFO	Running command: "/usr/bin/firefox" "-marionette" "-profile" "/tmp/rust_mozprofile.JjVZr6Ymvp9j"
1531136359546	Marionette	INFO	Listening on port 44479
1531136359576	Marionette	WARN	TLS certificate errors will be ignored for this session
1531136361559	addons.xpi	WARN	Exception running bootstrap method shutdown on activity-stream@mozilla.org: [Exception... "Component returned failure code: 0x80004005 (NS_ERROR_FAILURE) [nsIObserverService.removeObserver]"  nsresult: "0x80004005 (NS_ERROR_FAILURE)"  location: "JS frame :: resource://activity-stream/lib/SnippetsFeed.jsm :: uninit :: line 185"  data: no] Stack trace: uninit()@resource://activity-stream/lib/SnippetsFeed.jsm:185
onAction()@resource://activity-stream/lib/SnippetsFeed.jsm:201
_middleware/</<()@resource://activity-stream/lib/Store.jsm:49
Store/this[method]()@resource://activity-stream/lib/Store.jsm:28
uninit()@resource://activity-stream/lib/Store.jsm:151
uninit()@resource://activity-stream/lib/ActivityStream.jsm:300
uninit()@resource://gre/modules/addons/XPIProvider.jsm -> jar:file:///usr/lib/firefox/browser/features/activity-stream@mozilla.org.xpi!/bootstrap.js:73
shutdown()@resource://gre/modules/addons/XPIProvider.jsm -> jar:file:///usr/lib/firefox/browser/features/activity-stream@mozilla.org.xpi!/bootstrap.js:169
callBootstrapMethod()@resource://gre/modules/addons/XPIProvider.jsm:4436
observe()@resource://gre/modules/addons/XPIProvider.jsm:2287
*** UTM:SVC TimerManager:registerTimer called after profile-before-change notification. Ignoring timer registration for id: telemetry_modules_ping
*** UTM:SVC TimerManager:registerTimer called after profile-before-change notification. Ignoring timer registration for id: telemetry_modules_ping
1531137011609	geckodriver	INFO	geckodriver 0.20.1
1531137011635	geckodriver	INFO	Listening on 127.0.0.1:35150
1531137012622	mozrunner::runner	INFO	Running command: "/usr/bin/firefox" "-marionette" "-profile" "/tmp/rust_mozprofile.5MMLWVj7oliI"
1531137017254	Marionette	INFO	Listening on port 45301
1531137017345	Marionette	WARN	TLS certificate errors will be ignored for this session
1531137019629	addons.xpi	WARN	Exception running bootstrap method shutdown on activity-stream@mozilla.org: [Exception... "Component returned failure code: 0x80004005 (NS_ERROR_FAILURE) [nsIObserverService.removeObserver]"  nsresult: "0x80004005 (NS_ERROR_FAILURE)"  location: "JS frame :: resource://activity-stream/lib/SnippetsFeed.jsm :: uninit :: line 185"  data: no] Stack trace: uninit()@resource://activity-stream/lib/SnippetsFeed.jsm:185
onAction()@resource://activity-stream/lib/SnippetsFeed.jsm:201
_middleware/</<()@resource://activity-stream/lib/Store.jsm:49
Store/this[method]()@resource://activity-stream/lib/Store.jsm:28
uninit()@resource://activity-stream/lib/Store.jsm:151
uninit()@resource://activity-stream/lib/ActivityStream.jsm:300
uninit()@resource://gre/modules/addons/XPIProvider.jsm -> jar:file:///usr/lib/firefox/browser/features/activity-stream@mozilla.org.xpi!/bootstrap.js:73
shutdown()@resource://gre/modules/addons/XPIProvider.jsm -> jar:file:///usr/lib/firefox/browser/features/activity-stream@mozilla.org.xpi!/bootstrap.js:169
callBootstrapMethod()@resource://gre/modules/addons/XPIProvider.jsm:4436
observe()@resource://gre/modules/addons/XPIProvider.jsm:2287
*** UTM:SVC TimerManager:registerTimer called after profile-before-change notification. Ignoring timer registration for id: telemetry_modules_ping
1531294294338	geckodriver	INFO	geckodriver 0.20.1
1531294294501	geckodriver	INFO	Listening on 127.0.0.1:40436
1531294295192	mozrunner::runner	INFO	Running command: "/usr/bin/firefox" "-marionette" "-profile" "/tmp/rust_mozprofile.yYJ8cXqtNfBR"
console.error: "Could not write session state file " (new Error("_initWorker called too early! Please read the session file from disk first.", "resource:///modules/sessionstore/SessionFile.jsm", 337)) "_initWorker/<@resource:///modules/sessionstore/SessionFile.jsm:337:15\n_initWorker@resource:///modules/sessionstore/SessionFile.jsm:330:12\n_postToWorker@resource:///modules/sessionstore/SessionFile.jsm:354:11\nwrite@resource:///modules/sessionstore/SessionFile.jsm:394:19\nwrite@resource:///modules/sessionstore/SessionFile.jsm:66:12\n_writeState@resource:///modules/sessionstore/SessionSaver.jsm:357:12\n_saveState@resource:///modules/sessionstore/SessionSaver.jsm:295:12\n_saveStateAsync@resource:///modules/sessionstore/SessionSaver.jsm:341:5\nsaveStateAsyncWhenIdle@resource:///modules/sessionstore/SessionSaver.jsm:192:9\n"
1531294331686	Marionette	INFO	Listening on port 43336
1531294331747	Marionette	WARN	TLS certificate errors will be ignored for this session
1531294816219	geckodriver	INFO	geckodriver 0.20.1
1531294816228	geckodriver	INFO	Listening on 127.0.0.1:55648
1531294817233	mozrunner::runner	INFO	Running command: "/usr/bin/firefox" "-marionette" "-profile" "/tmp/rust_mozprofile.7PLeETbJGuGC"
1531294822448	Marionette	INFO	Listening on port 35190
1531294822491	Marionette	WARN	TLS certificate errors will be ignored for this session
JavaScript error: resource:///modules/ContentMetaHandler.jsm, line 155: NS_ERROR_ILLEGAL_VALUE: Component returned failure code: 0x80070057 (NS_ERROR_ILLEGAL_VALUE) [nsIMessageSender.sendAsyncMessage]
